Case #1: 1.0 6.0
Case #2: 0.0 1.0000000000000002
Case #3: 3.363406011768428 1.0
Case #4: 0.12856486930664665 7.133333333333332
Case #5: 1800.0 0.0
Case #6: 242.25064959475534 0.0
Case #7: 190.41297550237857 0.0
Case #8: 219.94640175019265 0.0
Case #9: 386.3302835657593 0.0
Case #10: 130.908731524985 0.0
Case #11: 0.0 0.0
Case #12: 0.0 0.0
Case #13: 0.0 0.0
Case #14: 0.0 0.0
Case #15: 0.0 0.0
Case #16: 0.0 0.0
Case #17: 3.1658122225320148E-15 3.6
Case #18: 2.1671940519622992E-14 0.7058823529411762
Case #19: 0.0 2.0
Case #20: 5.4764616837539E-16 0.9444444444444442
Case #21: 0.0 0.16666666666666666
Case #22: 7.5203361768878E-15 1.1111111111111112
Case #23: 0.0 4.999999999999999
Case #24: 0.0 0.3888888888888889
Case #25: 1.009405766132248E-15 0.6666666666666666
Case #26: 0.0 1.0
Case #27: 3.2055858507622397E-15 1.2307692307692306
Case #28: 1.030229673413571E-15 0.33333333333333326
Case #29: 0.0 0.25
Case #30: 8660.254037844386 0.0
Case #31: 0.0 2499999.9999999995
Case #32: 0.6287313045276015 3.4264998777036237
Case #33: 2.0268141294650337 2.0760064315528273
Case #34: 5.193855038185947 4.102382269771041
Case #35: 4.760050936303353 1.8046031756679703
Case #36: 1.4116955157215383 1.3738713873741506
Case #37: 5.973637312506685 2.8923486722459555
Case #38: 0.950352049817454 0.964779619347345
Case #39: 2.057553804742139 2.4427322572643204
Case #40: 4.3765874368755755 2.3709977678374496
Case #41: 5.021976968496922 2.0711181644706516
Case #42: 12.046330403875675 8.099497563228791
Case #43: 12.967569539991834 1.9974978181125562
Case #44: 15.086447980803921 4.336716026824935
Case #45: 23.195781641978797 0.0
Case #46: 38.950288830764784 0.0
Case #47: 38.627454574610276 0.0
Case #48: 264.9746319094633 0.0
Case #49: 20.12530193010226 0.0
Case #50: 17.200414338631003 0.0
Case #51: 52.12831272594885 0.0
Case #52: 287.3815582113786 0.0
Case #53: 32.720635690646354 0.0
Case #54: 6.156035935181014 0.0
Case #55: 0.7051800561307913 2.1333333333333333
Case #56: 0.4603906992540096 0.711111111111111
Case #57: 0.8290638930598233 0.0
Case #58: 1.3198001666308083 0.7903225806451611
Case #59: 1.4167636941193695 1.360642570281125
Case #60: 2.1093149870129944 0.37272429063473833
Case #61: 5.5288359745680244 0.05322763306908281
Case #62: 7.98397154634788 0.0
Case #63: 1.8073268840225682 0.08792402470438535
Case #64: 3.8310106958336014 0.9700961196155216
Case #65: 2.6766717229086514 1.0797174571140262
Case #66: 4.252004874708572 0.0
Case #67: 6.096294463859907 2.3652694610778444
Case #68: 4.391835635920637 1.3634992458521866
Case #69: 4.978285726134907 0.8740379931807112
Case #70: 5.594425797166318 0.0
Case #71: 2.768040798379938 0.0
Case #72: 2.7101638833254125 0.11951624783733322
Case #73: 2.6849551905013236 0.0
Case #74: 1.9137397942249097 0.0
Case #75: 5.253908097393595 0.0
Case #76: 7.526161161618264 0.0015713373146160718
Case #77: 6.781263686812557 0.0
Case #78: 2.6726531434360488 0.02034808137525366
Case #79: 263.8620520271909 0.0
Case #80: 625.6109503370056 19.5662041924295
Case #81: 131.86448230159888 22.89830627591539
Case #82: 720.5895925884204 0.0
Case #83: 4381.663639532364 0.0
Case #84: 544.7602859030955 0.0
Case #85: 825.8204800547015 0.0
Case #86: 880.5019655181502 1.062234393767501
Case #87: 765.3681938924705 0.0
Case #88: 153.26023990935906 0.28387674821757747
Case #89: 2029.5886090227743 0.0
Case #90: 506.39050986517475 0.7671845049895613
Case #91: 761.2411447856385 0.4812359964831675
Case #92: 245.62070093987 0.2499923363357313
Case #93: 85.83159383350632 0.0
Case #94: 747.9035576864172 0.0
Case #95: 502.8700826249028 0.2317743370934163
Case #96: 550.12550769688 0.0
Case #97: 676.6873759231273 0.0
Case #98: 423.80771100304867 0.4169170117432467
Case #99: 499.0567494783467 0.683465101826116
Case #100: 24.231010472370127 0.0
