Case #1: AB AB
Case #2: A CC AB AB
Case #3: C A CB
Case #4: B C AB AB
Case #5: B AC AC AC AC
Case #6: B CC AB AB
Case #7: C BB AC AC AC
Case #8: B A CB CB CB
Case #9: AB AB AB
Case #10: CC AB AB AB
Case #11: A CB CB
Case #12: B AC AC AC
Case #13: A C AB AB AB
Case #14: A A CC AB AB
Case #15: A CC AB AB AB
Case #16: C AB AB
Case #17: A BB AC AC AC
Case #18: C AB AB AB AB
Case #19: B C AB
Case #20: C AB AB AB
Case #21: C AA CB CB
Case #22: C AB
Case #23: C A CB CB CB
Case #24: C A CB CB
Case #25: A CB CB CB
Case #26: C AA CB CB CB
Case #27: A B AC AC
Case #28: CC AB AB
Case #29: B AA CB CB CB
Case #30: B AC AC
Case #31: B C AB AB AB
Case #32: AB
Case #33: B A CB CB
Case #34: AB AB AB AB
Case #35: B B CC AB AB
Case #36: AA CB CB CB
Case #37: C B AC AC AC
Case #38: BB AC AC AC
Case #39: C C AA CB CB
Case #40: A CB CB CB CB
Case #41: A C AB
Case #42: A C AB AB
Case #43: A B AC AC AC
Case #44: CC C AB AB AB
Case #45: C B AC AC
Case #46: B CC AB AB AB
