Case #1: 1.0 6.0
Case #2: 0.0 1.0000000000000002
Case #3: 3.363406011768428 1.0
Case #4: 0.3535533905932738 7.133333333333334
Case #5: 1800.0 0.0
Case #6: 1635.1918847645984 0.0
Case #7: 837.8170922104657 0.0
Case #8: 1539.6248122513484 0.0
Case #9: 1073.1396765715538 0.0
Case #10: 850.9067549124027 0.0
Case #11: 0.0 0.0
Case #12: 0.0 0.0
Case #13: 0.0 0.0
Case #14: 0.0 0.0
Case #15: 0.0 0.0
Case #16: 0.0 0.0
Case #17: 0.0 0.6
Case #18: 0.0 0.8499999999999999
Case #19: 4.4217886641197127E-14 1.5384615384615385
Case #20: 5.53666084339334E-14 0.8461538461538461
Case #21: 0.0 0.5000000000000001
Case #22: 0.0 0.44444444444444436
Case #23: 2.864061878864341E-14 5.333333333333333
Case #24: 0.0 18.0
Case #25: 0.0 1.7000000000000002
Case #26: 1.3131091660858777E-14 0.6666666666666666
Case #27: 2.0986507440636996E-15 0.8333333333333334
Case #28: 0.0 0.9999999999999999
Case #29: 0.0 0.3333333333333334
Case #30: 77.73024091539375 12.315934856419407
Case #31: 16.04242657255943 10.17860987712373
Case #32: 8.39464662840899 3.256412100857777
Case #33: 3.4950711093207283 1.9003516719885414
Case #34: 23.949926120435826 5.045466576030559
Case #35: 26.91400106243421 2.9331431947655973
Case #36: 52.093677080001896 3.215189772934748
Case #37: 50.56950196822203 5.050423049538512
Case #38: 29.548991341497533 1.2533453134104795
Case #39: 28.02708194629813 3.8149308370801704
Case #40: 51.95756481535651 5.443973600836346
Case #41: 12.237521156436923 1.8217290385633427
Case #42: 107.26581677420624 17.506139197896967
Case #43: 128.36038675887858 0.0
Case #44: 185.24621453622206 0.0
Case #45: 128.0854207160206 0.0
Case #46: 106.15761866206306 0.0
Case #47: 350.17932905869816 0.0
Case #48: 199.11775410545388 0.0
Case #49: 128.97674208941703 0.0
Case #50: 222.08423233088837 0.0
Case #51: 135.65932745299898 0.0
Case #52: 230.59481509782478 0.0
Case #53: 1.6035674514745464 0.0
Case #54: 1.0300210659139042 0.6792452830188681
Case #55: 1.78401682990456 0.45
Case #56: 4.451123453691214 0.0
Case #57: 7.681145747868608 0.0
Case #58: 8.437268515343103 0.0
Case #59: 6.542935121182236 0.0
Case #60: 5.237566110841189 0.0
Case #61: 6.203224967708329 0.0
Case #62: 10.615015935338654 0.37390180878552964
Case #63: 4.350861983561418 0.0
Case #64: 4.6467017049401695 0.0
Case #65: 8.514733348410157 1.3549931600547194
Case #66: 14.292141411364813 0.0
Case #67: 2.481179155159901 0.0
Case #68: 19.06865793820738 0.73374050841862
Case #69: 10.449164219369443 0.5977847005884387
Case #70: 17.92394297848627 0.007302442840997969
Case #71: 22.561028345356956 0.0
Case #72: 7.749649009093423 7.390469716352537E-4
Case #73: 7.404665219376405 2.5754430310699584E-4
Case #74: 5.155579501860097 0.0
Case #75: 13.186554345886613 0.006948800842810152
Case #76: 7.925892302663549 0.01303966836502619
Case #77: 243.7997705597772 0.0
Case #78: 1202.765493906993 0.0
Case #79: 1152.7143010374664 19.713788254202097
Case #80: 2044.8033116496397 0.0
Case #81: 2221.6524102357143 46.756598240469216
Case #82: 649.5718238391242 0.10257802276712374
Case #83: 1245.7657785474764 0.0
Case #84: 33.57677768934953 0.0
Case #85: 67.01248993072457 0.0014818467812448288
Case #86: 332.210870532558 0.0
Case #87: 734.4654237277622 0.4565987532337975
Case #88: 59.60743351008452 0.0072659141090632455
Case #89: 1694.0905744321728 3.174915615830389
Case #90: 387.11926654535324 0.0
Case #91: 896.7275767694308 0.0
Case #92: 523.0102173954157 0.0
Case #93: 196.37988387251897 0.013359059195873154
Case #94: 1143.373216627012 0.0
Case #95: 998.3125144678945 0.0
Case #96: 2361.258325554407 0.0
Case #97: 698.2880299987293 0.0
Case #98: 1373.9291992109509 0.0
Case #99: 137.7705293232192 0.0
Case #100: 1799.748120397685 0.0
